c:\users\erike\desktop\new3d\debug\vc141.pdb
c:\users\erike\desktop\new3d\debug\vc141.idb
c:\users\erike\desktop\new3d\debug\main.obj
c:\users\erike\desktop\new3d\debug\imgui_widgets.obj
c:\users\erike\desktop\new3d\debug\imgui_impl_win32.obj
c:\users\erike\desktop\new3d\debug\imgui_impl_opengl3.obj
c:\users\erike\desktop\new3d\debug\imgui_impl_glfw.obj
c:\users\erike\desktop\new3d\debug\imgui_draw.obj
c:\users\erike\desktop\new3d\debug\imgui_demo.obj
c:\users\erike\desktop\new3d\debug\imgui.obj
c:\users\erike\desktop\new3d\debug\demo.exe
c:\users\erike\desktop\new3d\debug\demo.ilk
c:\users\erike\desktop\new3d\debug\demo.pdb
c:\users\erike\desktop\bas\debug\imgui.obj
c:\users\erike\desktop\bas\debug\imgui_demo.obj
c:\users\erike\desktop\bas\debug\imgui_draw.obj
c:\users\erike\desktop\bas\debug\imgui_impl_glfw.obj
c:\users\erike\desktop\bas\debug\imgui_impl_opengl3.obj
c:\users\erike\desktop\bas\debug\imgui_impl_win32.obj
c:\users\erike\desktop\bas\debug\imgui_widgets.obj
c:\users\erike\desktop\bas\debug\main.obj
c:\users\erike\desktop\bas\debug\demo.ilk
c:\users\erike\desktop\bas\debug\vc141.idb
c:\users\erike\desktop\bas\debug\demo.pdb
c:\users\erike\desktop\bas\debug\vc141.pdb
c:\users\erike\desktop\bas\debug\demo.exe
c:\users\erike\desktop\bas\debug\demo.tlog\cl.command.1.tlog
c:\users\erike\desktop\bas\debug\demo.tlog\cl.read.1.tlog
c:\users\erike\desktop\bas\debug\demo.tlog\cl.write.1.tlog
c:\users\erike\desktop\bas\debug\demo.tlog\link.command.1.tlog
c:\users\erike\desktop\bas\debug\demo.tlog\link.read.1.tlog
c:\users\erike\desktop\bas\debug\demo.tlog\link.write.1.tlog
